<?xml version="1.0" encoding="UTF-8"?>
<testng-results ignored="0" total="1" passed="1" failed="0" skipped="0">
  <reporter-output>
  </reporter-output>
  <suite started-at="2025-05-06T11:32:10 IST" name="Default suite" finished-at="2025-05-06T11:32:25 IST" duration-ms="14073">
    <groups>
    </groups>
    <test started-at="2025-05-06T11:32:10 IST" name="Default test" finished-at="2025-05-06T11:32:25 IST" duration-ms="14073">
      <class name="testCases.TC1_LoginPageTest">
        <test-method is-config="true" signature="setup()[pri:0, instance:testCases.TC1_LoginPageTest@41709512]" started-at="2025-05-06T11:32:11 IST" name="setup" finished-at="2025-05-06T11:32:22 IST" duration-ms="11518" status="PASS">
          <reporter-output>
          </reporter-output>
        </test-method> <!-- setup -->
        <test-method signature="verify_homepage()[pri:0, instance:testCases.TC1_LoginPageTest@41709512]" started-at="2025-05-06T11:32:22 IST" name="verify_homepage" finished-at="2025-05-06T11:32:25 IST" duration-ms="2505" status="PASS">
          <reporter-output>
          </reporter-output>
        </test-method> <!-- verify_homepage -->
        <test-method is-config="true" signature="tearDown()[pri:0, instance:testCases.TC1_LoginPageTest@41709512]" started-at="2025-05-06T11:32:25 IST" name="tearDown" finished-at="2025-05-06T11:32:25 IST" duration-ms="1" status="PASS">
          <reporter-output>
          </reporter-output>
        </test-method> <!-- tearDown -->
      </class> <!-- testCases.TC1_LoginPageTest -->
    </test> <!-- Default test -->
  </suite> <!-- Default suite -->
</testng-results>
